<?xml version="1.0" encoding="UTF-8"?>
<testsuite name="functional.FunctionalTests" time="0.047" tests="8" errors="0" skipped="0" failures="0">
  <properties>
    <property name="java.runtime.name" value="Java(TM) SE Runtime Environment"/>
    <property name="sun.boot.library.path" value="C:\Program Files\Java\jdk1.8.0_121\jre\bin"/>
    <property name="java.vm.version" value="25.121-b13"/>
    <property name="java.vm.vendor" value="Oracle Corporation"/>
    <property name="maven.multiModuleProjectDirectory" value="D:/java-tomcat/oreilly-docker-java-shopping-master/stockmanager"/>
    <property name="java.vendor.url" value="http://java.oracle.com/"/>
    <property name="path.separator" value=";"/>
    <property name="guice.disable.misplaced.annotation.check" value="true"/>
    <property name="java.vm.name" value="Java HotSpot(TM) 64-Bit Server VM"/>
    <property name="file.encoding.pkg" value="sun.io"/>
    <property name="user.script" value=""/>
    <property name="user.country" value="US"/>
    <property name="sun.java.launcher" value="SUN_STANDARD"/>
    <property name="sun.os.patch.level" value=""/>
    <property name="java.vm.specification.name" value="Java Virtual Machine Specification"/>
    <property name="user.dir" value="D:\java-tomcat\oreilly-docker-java-shopping-master\stockmanager"/>
    <property name="java.runtime.version" value="1.8.0_121-b13"/>
    <property name="java.awt.graphicsenv" value="sun.awt.Win32GraphicsEnvironment"/>
    <property name="java.endorsed.dirs" value="C:\Program Files\Java\jdk1.8.0_121\jre\lib\endorsed"/>
    <property name="os.arch" value="amd64"/>
    <property name="java.io.tmpdir" value="C:\Temp\"/>
    <property name="line.separator" value="&#10;"/>
    <property name="java.vm.specification.vendor" value="Oracle Corporation"/>
    <property name="user.variant" value=""/>
    <property name="os.name" value="Windows 8.1"/>
    <property name="classworlds.conf" value="D:/sw/apache-maven-3.3.9/bin/m2.conf"/>
    <property name="sun.jnu.encoding" value="Cp1252"/>
    <property name="java.library.path" value="C:\Program Files\Java\jdk1.8.0_121\bin;C:\WINDOWS\Sun\Java\bin;C:\WINDOWS\system32;C:\WINDOWS;C:\Users\Dell lap\bin;E:\downloads\cmder\bin;E:\downloads\cmder\vendor\git-for-windows\mingw32\bin;E:\downloads\cmder\vendor\git-for-windows\usr\local\bin;E:\downloads\cmder\vendor\git-for-windows\usr\bin;E:\downloads\cmder\vendor\git-for-windows\usr\bin;E:\downloads\cmder\vendor\git-for-windows\mingw32\bin;E:\downloads\cmder\vendor\git-for-windows\usr\bin;C:\Users\Dell lap\bin;E:\downloads\cmder\vendor\conemu-maximus5\ConEmu\Scripts;E:\downloads\cmder\vendor\conemu-maximus5;E:\downloads\cmder\vendor\conemu-maximus5\ConEmu;C:\Program Files (x86)\Microsoft Visual Studio\Shared\Python36_64;D:\docker-workshop;D:\selenium\drivers;D:\sw\Python27;D:\sparkonwin\spark-2.1.0-bin-hadoop2.7\bin;C:\Program Files (x86)\scala\bin;C:\Program Files\Java\jdk1.8.0_121\bin;C:\ProgramData\Oracle\Java\javapath;C:\Program Files (x86)\Intel\iCLS Client;C:\Program Files\Intel\iCLS Client;C:\WINDOWS\system32;C:\WINDOWS;C:\WINDOWS\System32\Wbem;C:\WINDOWS\System32\WindowsPowerShell\v1.0;C:\Program Files\Intel\Intel(R) Management Engine Components\DAL;C:\Program Files\Intel\Intel(R) Management Engine Components\IPT;C:\Program Files (x86)\Intel\Intel(R) Management Engine Components\DAL;C:\Program Files (x86)\Intel\Intel(R) Management Engine Components\IPT;C:\Program Files (x86)\Windows Live\Shared;C:\HashiCorp\Vagrant\bin;C:\Program Files (x86)\Skype\Phone;C:\Program Files (x86)\sbt\bin;C:\Program Files (x86)\scala\bin;C:\Program Files\PuTTY;C:\opscode\chefdk\bin;C:\Program Files\MongoDB\Server\3.4\bin;C:\Program Files\nodejs;C:\Program Files (x86)\Puppet Labs\Puppet\bin;C:\Program Files\Amazon\AWSCLI;C:\Program Files (x86)\Microsoft Visual Studio\Shared\Python36_64;D:\docker-workshop;D:\sw\Python27;D:\sparkonwin\spark-2.1.0-bin-hadoop2.7\bin;C:\Program Files (x86)\scala\bin;C:\Program Files\Java\jdk1.8.0_121\bin;C:\Program Files\Java\jdk1.7.0_79;C:\Users\Dell lap\AppData\Local\atom\bin;D:\sw\apache-maven-3.3.9\bin;C:\Program Files\Git\bin;C:\Program Files\Git\usr\bin;D:\scala-play\activator-dist-1.3.12\bin;C:\Program Files\MongoDB\Server\3.4\bin;C:\Users\Dell lap\AppData\Roaming\npm;D:\selenium\drivers;C:\Program Files\Docker Toolbox;C:\Program Files (x86)\Diffuse;E:\downloads\cmder;E:\downloads\cmder\vendor\git-for-windows\usr\bin\vendor_perl;E:\downloads\cmder\vendor\git-for-windows\usr\bin\core_perl;."/>
    <property name="java.specification.name" value="Java Platform API Specification"/>
    <property name="java.class.version" value="52.0"/>
    <property name="sun.management.compiler" value="HotSpot 64-Bit Tiered Compilers"/>
    <property name="os.version" value="6.3"/>
    <property name="user.home" value="C:\Users\Dell lap"/>
    <property name="user.timezone" value="Asia/Calcutta"/>
    <property name="java.awt.printerjob" value="sun.awt.windows.WPrinterJob"/>
    <property name="java.specification.version" value="1.8"/>
    <property name="file.encoding" value="Cp1252"/>
    <property name="user.name" value="Dell lap"/>
    <property name="java.class.path" value="D:/sw/apache-maven-3.3.9/boot/plexus-classworlds-2.5.2.jar"/>
    <property name="java.vm.specification.version" value="1.8"/>
    <property name="sun.arch.data.model" value="64"/>
    <property name="java.home" value="C:\Program Files\Java\jdk1.8.0_121\jre"/>
    <property name="sun.java.command" value="org.codehaus.plexus.classworlds.launcher.Launcher clean install"/>
    <property name="java.specification.vendor" value="Oracle Corporation"/>
    <property name="user.language" value="en"/>
    <property name="awt.toolkit" value="sun.awt.windows.WToolkit"/>
    <property name="java.vm.info" value="mixed mode"/>
    <property name="java.version" value="1.8.0_121"/>
    <property name="java.ext.dirs" value="C:\Program Files\Java\jdk1.8.0_121\jre\lib\ext;C:\WINDOWS\Sun\Java\lib\ext"/>
    <property name="sun.boot.class.path" value="C:\Program Files\Java\jdk1.8.0_121\jre\lib\resources.jar;C:\Program Files\Java\jdk1.8.0_121\jre\lib\rt.jar;C:\Program Files\Java\jdk1.8.0_121\jre\lib\sunrsasign.jar;C:\Program Files\Java\jdk1.8.0_121\jre\lib\jsse.jar;C:\Program Files\Java\jdk1.8.0_121\jre\lib\jce.jar;C:\Program Files\Java\jdk1.8.0_121\jre\lib\charsets.jar;C:\Program Files\Java\jdk1.8.0_121\jre\lib\jfr.jar;C:\Program Files\Java\jdk1.8.0_121\jre\classes"/>
    <property name="sun.stderr.encoding" value="cp437"/>
    <property name="java.vendor" value="Oracle Corporation"/>
    <property name="maven.home" value="D:\sw\apache-maven-3.3.9"/>
    <property name="file.separator" value="\"/>
    <property name="java.vendor.url.bug" value="http://bugreport.sun.com/bugreport/"/>
    <property name="sun.cpu.endian" value="little"/>
    <property name="sun.io.unicode.encoding" value="UnicodeLittle"/>
    <property name="sun.stdout.encoding" value="cp437"/>
    <property name="sun.desktop" value="windows"/>
    <property name="sun.cpu.isalist" value="amd64"/>
  </properties>
  <testcase name="Given the application has been initialised with test data" classname="Scenario: Should be able to get a list of all stocks" time="0.001"/>
  <testcase name="When the client gets all stocks" classname="Scenario: Should be able to get a list of all stocks" time="0"/>
  <testcase name="Then a list of 5 stocks will be returned" classname="Scenario: Should be able to get a list of all stocks" time="0"/>
  <testcase name="Scenario: Should be able to get a list of all stocks" classname="Scenario: Should be able to get a list of all stocks" time="0"/>
  <testcase name="Given the application has been initialised with test data" classname="Scenario: Should be able to get the correct SKU for the first stock" time="0"/>
  <testcase name="When the client gets all stocks" classname="Scenario: Should be able to get the correct SKU for the first stock" time="0"/>
  <testcase name="Then the stock at index 0 will have the sku 12345678" classname="Scenario: Should be able to get the correct SKU for the first stock" time="0.023"/>
  <testcase name="Scenario: Should be able to get the correct SKU for the first stock" classname="Scenario: Should be able to get the correct SKU for the first stock" time="0.023"/>
</testsuite>